<?xml version="1.0" encoding="UTF-8"?>
<!-- Generated by org.testng.reporters.JUnitReportReporter -->
<testsuite skipped="0" hostname="Mahadeo-GA" name="com.gobibo.TC1_ValidateTicketBooking_Test2" tests="1" failures="0" timestamp="2022-02-15T16:02:31 IST" time="30.310" errors="0">
  <testcase name="validateTicketBooking_TC1" time="30.310" classname="com.gobibo.TC1_ValidateTicketBooking_Test2"/>
  <system-out/>
</testsuite> <!-- com.gobibo.TC1_ValidateTicketBooking_Test2 -->
